TN:
SF:app.js
FN:35,(anonymous_0)
FN:40,(anonymous_1)
FN:46,(anonymous_2)
FNF:3
FNH:0
FNDA:0,(anonymous_0)
FNDA:0,(anonymous_1)
FNDA:0,(anonymous_2)
DA:3,2
DA:4,2
DA:5,2
DA:6,2
DA:7,2
DA:10,2
DA:11,2
DA:13,2
DA:16,2
DA:19,2
DA:20,2
DA:23,2
DA:28,2
DA:29,2
DA:32,2
DA:34,2
DA:35,0
DA:40,2
DA:41,0
DA:42,0
DA:46,2
DA:48,0
DA:49,0
DA:52,0
DA:55,2
LF:25
LH:19
BRDA:34,0,0,0
BRDA:34,0,1,2
BRDA:49,1,0,0
BRDA:49,1,1,0
BRDA:52,2,0,0
BRDA:52,2,1,0
BRF:6
BRH:1
end_of_record
TN:
SF:config/db.js
FN:5,(anonymous_0)
FNF:1
FNH:1
FNDA:2,(anonymous_0)
DA:1,3
DA:2,3
DA:3,3
DA:5,3
DA:6,2
DA:7,2
DA:14,2
DA:16,0
DA:17,0
DA:21,3
LF:10
LH:8
BRF:0
BRH:0
end_of_record
TN:
SF:controllers/tokens.js
FN:6,(anonymous_0)
FN:10,(anonymous_1)
FNF:2
FNH:2
FNDA:2,(anonymous_0)
FNDA:2,(anonymous_1)
DA:1,2
DA:2,2
DA:4,2
DA:7,2
DA:8,2
DA:10,2
DA:11,2
DA:12,0
DA:13,0
DA:16,2
DA:17,2
DA:18,1
DA:19,1
DA:21,1
DA:22,1
DA:29,2
LF:16
LH:14
BRDA:11,0,0,0
BRDA:11,0,1,2
BRDA:17,1,0,1
BRDA:17,1,1,1
BRF:4
BRH:3
end_of_record
TN:
SF:controllers/users.js
FN:4,(anonymous_0)
FN:6,(anonymous_1)
FNF:2
FNH:2
FNDA:2,(anonymous_0)
FNDA:2,(anonymous_1)
DA:1,2
DA:3,2
DA:5,2
DA:6,2
DA:7,2
DA:8,0
DA:10,2
DA:16,2
LF:8
LH:7
BRDA:7,0,0,0
BRDA:7,0,1,2
BRF:2
BRH:1
end_of_record
TN:
SF:models/token_generator.js
FN:7,(anonymous_0)
FNF:1
FNH:1
FNDA:2,(anonymous_0)
DA:1,3
DA:2,3
DA:4,3
DA:8,2
DA:18,3
LF:5
LH:5
BRF:0
BRH:0
end_of_record
TN:
SF:models/user.js
FN:10,(anonymous_0)
FN:17,(anonymous_1)
FNF:2
FNH:2
FNDA:3,(anonymous_0)
FNDA:2,(anonymous_1)
DA:1,3
DA:2,3
DA:4,3
DA:10,3
DA:11,3
DA:12,3
DA:13,3
DA:14,3
DA:17,3
DA:18,2
DA:21,3
LF:11
LH:11
BRDA:11,0,0,0
BRDA:11,0,1,3
BRF:2
BRH:1
end_of_record
TN:
SF:routes/tokens.js
FNF:0
FNH:0
DA:1,2
DA:2,2
DA:4,2
DA:6,2
DA:8,2
LF:5
LH:5
BRF:0
BRH:0
end_of_record
TN:
SF:routes/users.js
FNF:0
FNH:0
DA:1,2
DA:2,2
DA:4,2
DA:6,2
DA:8,2
LF:5
LH:5
BRF:0
BRH:0
end_of_record
TN:
SF:spec/mongodb_helper.js
FN:3,(anonymous_0)
FNF:1
FNH:1
FNDA:2,(anonymous_0)
DA:1,2
DA:3,2
DA:4,2
LF:3
LH:3
BRF:0
BRH:0
end_of_record
